<?xml version="1.0" encoding="UTF-8"?>
<testng-results ignored="1" total="2" passed="1" failed="0" skipped="0">
  <reporter-output>
  </reporter-output>
  <suite started-at="2022-12-07T12:34:09 IST" name="Default suite" finished-at="2022-12-07T12:34:09 IST" duration-ms="111">
    <groups>
    </groups>
    <test started-at="2022-12-07T12:34:09 IST" name="Default test" finished-at="2022-12-07T12:34:09 IST" duration-ms="111">
      <class name="com.testng.TestNgTest">
        <test-method signature="test()[pri:0, instance:com.testng.TestNgTest@3c407114]" started-at="2022-12-07T12:34:09 IST" name="test" finished-at="2022-12-07T12:34:09 IST" duration-ms="28" status="PASS">
          <reporter-output>
          </reporter-output>
        </test-method> <!-- test -->
      </class> <!-- com.testng.TestNgTest -->
    </test> <!-- Default test -->
  </suite> <!-- Default suite -->
</testng-results>
